[debug] [2018-06-16T03:20:04.920Z] ----------------------------------------------------------------------
[debug] [2018-06-16T03:20:04.926Z] Command:       /usr/bin/node /usr/bin/firebase deploy
[debug] [2018-06-16T03:20:04.926Z] CLI Version:   3.18.6
[debug] [2018-06-16T03:20:04.926Z] Platform:      linux
[debug] [2018-06-16T03:20:04.926Z] Node Version:  v10.4.0
[debug] [2018-06-16T03:20:04.975Z] Time:          Sat Jun 16 2018 04:20:04 GMT+0100 (Western European Summer Time)
[debug] [2018-06-16T03:20:04.975Z] ----------------------------------------------------------------------
[debug] 
[debug] [2018-06-16T03:20:05.062Z] > command requires scopes: ["email","openid","https://www.googleapis.com/auth/cloudplatformprojects.readonly","https://www.googleapis.com/auth/firebase","https://www.googleapis.com/auth/cloud-platform"]
[debug] [2018-06-16T03:20:05.062Z] > authorizing via signed-in user
[debug] [2018-06-16T03:20:05.066Z] > refreshing access token with scopes: ["email","https://www.googleapis.com/auth/cloud-platform","https://www.googleapis.com/auth/cloudplatformprojects.readonly","https://www.googleapis.com/auth/firebase","openid"]
[debug] [2018-06-16T03:20:05.067Z] >>> HTTP REQUEST POST https://www.googleapis.com/oauth2/v3/token  
 { refresh_token: '1/odDPNRCZA6kzd3bXRJ1Ix-IC5_LZvLGFeDk4QB--_JQ',
  client_id:
   '563584335869-fgrhgmd47bqnekij5i8b5pr03ho849e6.apps.googleusercontent.com',
  client_secret: 'j9iVZfS8kkCEFUPaAeJV0sAi',
  grant_type: 'refresh_token',
  scope:
   'email https://www.googleapis.com/auth/cloud-platform https://www.googleapis.com/auth/cloudplatformprojects.readonly https://www.googleapis.com/auth/firebase openid' } 
 Sat Jun 16 2018 04:20:05 GMT+0100 (Western European Summer Time)
[debug] [2018-06-16T03:20:05.387Z] <<< HTTP RESPONSE 200
[debug] [2018-06-16T03:20:05.448Z] >>> HTTP REQUEST GET https://admin.firebase.com/v1/projects/i00nsu-25c16  
  
 Sat Jun 16 2018 04:20:05 GMT+0100 (Western European Summer Time)
